<?xml version="1.0" encoding="UTF-8"?>
<!-- Generated by org.testng.reporters.JUnitReportReporter -->
<testsuite hostname="TDLPHP58" failures="0" tests="1" name="org.kodiak.runners.Run" time="75.795" errors="0" timestamp="2023-07-04T17:04:12 IST" skipped="0">
  <testcase classname="org.kodiak.runners.Run" name="runScenario" time="75.795"/>
  <system-out/>
</testsuite> <!-- org.kodiak.runners.Run -->
